==========================================
SLURM_JOB_ID = 18138585
SLURM_JOB_NODELIST = e17-07
TMPDIR = /tmp/SLURM_18138585
==========================================
***** threads 1*****
****************** INFO ******************
Number of Paths: 100000
Underlying Initial Price: 100
Strike: 100
Barrier: 95
Time to Maturity: 1 years
Risk-free Interest Rate: 0.05%
Annual drift: -0.1%
Volatility: 0.2%
****************** PRICE ******************
Option Price (GPU): 12.8176
******************* TIME *****************
GPU Monte Carlo Computation: 10 ms
******************* END *****************
***** threads 2*****
****************** INFO ******************
Number of Paths: 200000
Underlying Initial Price: 100
Strike: 100
Barrier: 95
Time to Maturity: 1 years
Risk-free Interest Rate: 0.05%
Annual drift: -0.1%
Volatility: 0.2%
****************** PRICE ******************
Option Price (GPU): 12.5596
******************* TIME *****************
GPU Monte Carlo Computation: 10 ms
******************* END *****************
***** threads 4*****
****************** INFO ******************
Number of Paths: 400000
Underlying Initial Price: 100
Strike: 100
Barrier: 95
Time to Maturity: 1 years
Risk-free Interest Rate: 0.05%
Annual drift: -0.1%
Volatility: 0.2%
****************** PRICE ******************
Option Price (GPU): 12.6842
******************* TIME *****************
GPU Monte Carlo Computation: 30 ms
******************* END *****************
